<?xml version="1.0" encoding="UTF-8"?>
<testng-results ignored="0" total="2" passed="2" failed="0" skipped="0">
  <reporter-output>
  </reporter-output>
  <suite started-at="2024-07-13T16:21:02 IST" name="Default suite" finished-at="2024-07-13T16:21:02 IST" duration-ms="62">
    <groups>
    </groups>
    <test started-at="2024-07-13T16:21:02 IST" name="Default test" finished-at="2024-07-13T16:21:02 IST" duration-ms="62">
      <class name="UI.sampleclass">
        <test-method signature="test1()[pri:0, instance:UI.sampleclass@cc43f62]" started-at="2024-07-13T16:21:02 IST" name="test1" finished-at="2024-07-13T16:21:02 IST" duration-ms="8" status="PASS">
          <reporter-output>
          </reporter-output>
        </test-method> <!-- test1 -->
        <test-method signature="test2()[pri:0, instance:UI.sampleclass@cc43f62]" started-at="2024-07-13T16:21:02 IST" name="test2" finished-at="2024-07-13T16:21:02 IST" duration-ms="2" status="PASS">
          <reporter-output>
          </reporter-output>
        </test-method> <!-- test2 -->
      </class> <!-- UI.sampleclass -->
    </test> <!-- Default test -->
  </suite> <!-- Default suite -->
</testng-results>
